<?xml version="1.0" encoding="UTF-8"?>
<!-- Generated by org.testng.reporters.JUnitXMLReporter -->
<testsuite hostname="cty" ignored="0" name="testbyxml" tests="1" failures="1" timestamp="09 五月 2018 14:57:28 GMT" time="0.033" errors="0">
  <testcase name="test" time="0.0" classname="pri.study.paramterbyxml.ParamterByXml">
    <failure type="org.testng.TestNGException" message="
Parameter &amp;apos;name&amp;apos; is required by @Test on method test but has not been marked @Optional or defined
in D:\GitWorkSpace\AutoTest\testng\src\main\java\pri\study\paramterbyxml\byxml.xml">
      <![CDATA[org.testng.TestNGException: 
Parameter 'name' is required by @Test on method test but has not been marked @Optional or defined
in D:\GitWorkSpace\AutoTest\testng\src\main\java\pri\study\paramterbyxml\byxml.xml
... Removed 24 stack frames]]>
    </failure>
  </testcase> <!-- test -->
</testsuite> <!-- testbyxml -->
